dispci.dll:  ============BEGIN DisplayClassInstaller============
dispci.dll:  ============BEGIN OnSelectBestCompatDrv============
dispci.dll:  ============END OnSelectBestCompatDrv==============
dispci.dll:  DisplayClassInstaller: Returning 0xe000020e for DIF 0x17 and device PCI\VEN_1002&DEV_515E&SUBSYS_01E61028&REV_02\4&1FC3087&0&28F0
dispci.dll:  ============END DisplayClassInstaller==============
dispci.dll:  ============BEGIN DisplayClassInstaller============
dispci.dll:  ============BEGIN OnDestroyPrivateData============
dispci.dll:  ============END OnDestroyPrivateData==============
dispci.dll:  DisplayClassInstaller: Returning 0xe000020e for DIF 0xc and device PCI\VEN_1002&DEV_515E&SUBSYS_01E61028&REV_02\4&1FC3087&0&28F0
dispci.dll:  ============END DisplayClassInstaller==============
dispci.dll:  ============BEGIN DisplayClassInstaller============
dispci.dll:  ============BEGIN OnAllowInstall============
dispci.dll:  DispCIIsDriverInstallAllowed: Driver package contains a feature score 0xfe
dispci.dll:  ============END OnAllowInstall==============
dispci.dll:  DisplayClassInstaller: Returning 0xe000020e for DIF 0x18 and device PCI\VEN_1002&DEV_515E&SUBSYS_01E61028&REV_02\4&1FC3087&0&28F0
dispci.dll:  ============END DisplayClassInstaller==============
dispci.dll:  ============BEGIN DisplayClassInstaller============
dispci.dll:  ============BEGIN OnInstallDeviceFiles============
dispci.dll:  ============END OnInstallDeviceFiles==============
dispci.dll:  DisplayClassInstaller: Returning 0xe000020e for DIF 0x15 and device PCI\VEN_1002&DEV_515E&SUBSYS_01E61028&REV_02\4&1FC3087&0&28F0
dispci.dll:  ============END DisplayClassInstaller==============
dispci.dll:  ============BEGIN DisplayClassInstaller============
dispci.dll:  DisplayClassInstaller: Unrecognized DIF request 0x410031
dispci.dll:  ============END DisplayClassInstaller==============
dispci.dll:  ============BEGIN DisplayClassInstaller============
dispci.dll:  DisplayClassInstaller: Unrecognized DIF request 0x410031
dispci.dll:  ============END DisplayClassInstaller==============
dispci.dll:  ============BEGIN DisplayClassInstaller============
dispci.dll:  DispCIIsDriverInstallAllowed: Driver package contains a feature score 0xfe
dispci.dll:  ============BEGIN OnInstallDevice============
dispci.dll:  DispCIIsDeviceCompatibleWithHighResolutionBoot: Found high resolution boot incomaptible hardware DispCIIsDeviceCompatibleWithHighResolutionBoot
dispci.dll:  DispCISetServiceStartType: No change to the service start required
dispci.dll:  ============END OnInstallDevice==============
dispci.dll:  DisplayClassInstaller: Returning 0x00000000 for DIF 0x2 and device PCI\VEN_1002&DEV_515E&SUBSYS_01E61028&REV_02\4&1FC3087&0&28F0
dispci.dll:  ============END DisplayClassInstaller==============
dispci.dll:  ============BEGIN DisplayClassInstaller============
dispci.dll:  DisplayClassInstaller: Unrecognized DIF request 0x410031
dispci.dll:  ============END DisplayClassInstaller==============
dispci.dll:  ============BEGIN DisplayClassInstaller============
dispci.dll:  ============BEGIN OnDestroyPrivateData============
dispci.dll:  ============END OnDestroyPrivateData==============
dispci.dll:  DisplayClassInstaller: Returning 0xe000020e for DIF 0xc and device PCI\VEN_1002&DEV_515E&SUBSYS_01E61028&REV_02\4&1FC3087&0&28F0
dispci.dll:  ============END DisplayClassInstaller==============
montr_ci.dll:  DIF_SELECTBESTCOMPATDRV
montr_ci.dll:  Returning 0xe000020e for function 0x17 and device DISPLAY\DEFAULT_MONITOR\5&2DCF5EAB&0&12345678&06&05.
montr_ci.dll:  DIF_DESTROYPRIVATEDATA
montr_ci.dll:  Returning 0xe000020e for function 0xc and device DISPLAY\DEFAULT_MONITOR\5&2DCF5EAB&0&12345678&06&05.
montr_ci.dll:  DIF_ALLOW_INSTALL
montr_ci.dll:  Returning 0xe000020e for function 0x18 and device DISPLAY\DEFAULT_MONITOR\5&2DCF5EAB&0&12345678&06&05.
montr_ci.dll:  DIF_INSTALLDEVICEFILES
montr_ci.dll:  Retrieving driver details....
montr_ci.dll:  Returning 0xe000020e for function 0x15 and device DISPLAY\DEFAULT_MONITOR\5&2DCF5EAB&0&12345678&06&05.
montr_ci.dll:  DIF_REGISTER_COINSTALLERS
montr_ci.dll:  Returning 0xe000020e for function 0x22 and device DISPLAY\DEFAULT_MONITOR\5&2DCF5EAB&0&12345678&06&05.
montr_ci.dll:  DIF_INSTALLINTERFACES
montr_ci.dll:  Returning 0xe000020e for function 0x20 and device DISPLAY\DEFAULT_MONITOR\5&2DCF5EAB&0&12345678&06&05.
montr_ci.dll:  DIF_INSTALLDEVICE
montr_ci.dll:  ============BEGIN OnInstallMonitorDevice============
montr_ci.dll:  Retrieving driver details....
montr_ci.dll:  ============END OnInstallMonitorDevice============
montr_ci.dll:  Returning 0xe000020e for function 0x2 and device DISPLAY\DEFAULT_MONITOR\5&2DCF5EAB&0&12345678&06&05.
montr_ci.dll:  DIF_NEWDEVICEWIZARD_FINISHINSTALL
montr_ci.dll:  Returning 0xe000020e for function 0x1e and device DISPLAY\DEFAULT_MONITOR\5&2DCF5EAB&0&12345678&06&05.
montr_ci.dll:  DIF_DESTROYPRIVATEDATA
montr_ci.dll:  Returning 0xe000020e for function 0xc and device DISPLAY\DEFAULT_MONITOR\5&2DCF5EAB&0&12345678&06&05.
Input Install: Not a PS2 device.
Input Install: Not a PS2 device.
dispci.dll:  ============BEGIN DisplayClassInstaller============
dispci.dll:  DisplayClassInstaller: Unrecognized DIF request 0xe30001
dispci.dll:  ============END DisplayClassInstaller==============
montr_ci.dll:  MonitorClassInstaller: Unrecognized DIF request
montr_ci.dll:  Returning 0xe000020e for function 0x6.
dispci.dll:  ============BEGIN DisplayClassInstaller============
dispci.dll:  DisplayClassInstaller: Returning 0xe000020e for DIF 0xc
dispci.dll:  ============END DisplayClassInstaller==============
montr_ci.dll:  DIF_DESTROYPRIVATEDATA
montr_ci.dll:  Returning 0xe000020e for function 0xc.
AudMig: No audio endpoint migration settings found 0x2
AudMig: No audio endpoint migration settings found 0x2
2022-04-14 07:22:19, Info                  CBS    Starting TrustedInstaller initialization.
2022-04-14 07:22:19, Info                  CBS    Loaded Servicing Stack v6.1.7600.16385 with Core: C:\Windows\winsxs\amd64_microsoft-windows-servicingstack_31bf3856ad364e35_6.1.7600.16385_none_655452efe0fb810b\cbscore.dll
2022-04-14 07:22:20, Info                  CSI    00000001@2022/4/14:14:22:20.730 WcpInitialize (wcp.dll version 0.0.0.6) called (stack @0x7fefb2ee9a1 @0x7fefb928755 @0x7fefb8f2ac7 @0xffc3e94c @0xffc3d769 @0xffc3daff)
2022-04-14 07:22:20, Info                  CSI    00000002@2022/4/14:14:22:20.932 WcpInitialize (wcp.dll version 0.0.0.6) called (stack @0x7fefb2ee9a1 @0x7fefb97500e @0x7fefb941504 @0x7fefb8f2b9d @0xffc3e94c @0xffc3d769)
2022-04-14 07:22:20, Info                  CBS    SQM: Initializing online with Windows opt-in: False
2022-04-14 07:22:20, Info                  CBS    SQM: Cleaning up report files older than 10 days.
2022-04-14 07:22:20, Info                  CBS    SQM: Requesting upload of all unsent reports.
2022-04-14 07:22:21, Info                  CBS    SQM: Failed to start upload with file pattern: C:\Windows\servicing\sqm\*_std.sqm, flags: 0x2 [HRESULT = 0x80004005 - E_FAIL]
2022-04-14 07:22:21, Info                  CBS    SQM: Failed to start standard sample upload. [HRESULT = 0x80004005 - E_FAIL]
2022-04-14 07:22:21, Info                  CBS    SQM: Failed to start upload with file pattern: C:\Windows\servicing\sqm\*_all.sqm, flags: 0x6 [HRESULT = 0x80004005 - E_FAIL]
2022-04-14 07:22:21, Info                  CBS    SQM: Failed to start always sample upload. [HRESULT = 0x80004005 - E_FAIL]
2022-04-14 07:22:21, Info                  CBS    SQM: Warning: Failed to upload all unsent reports. [HRESULT = 0x80004005 - E_FAIL]
2022-04-14 07:22:21, Info                  CSI    00000003@2022/4/14:14:22:21.260 WcpInitialize (wcp.dll version 0.0.0.6) called (stack @0x7fefb2ee9a1 @0x7fefaf28728 @0x7fefaf28856 @0xffc3e444 @0xffc3d7ae @0xffc3daff)
2022-04-14 07:22:21, Info                  CBS    Ending TrustedInstaller initialization.
2022-04-14 07:22:21, Info                  CBS    Starting the TrustedInstaller main loop.
2022-04-14 07:22:21, Info                  CBS    TrustedInstaller service starts successfully.
2022-04-14 07:22:21, Info                  CBS    Setup in progress, aborting startup processing checks.
2022-04-14 07:22:21, Info                  CBS    Startup processing thread terminated normally
dispci.dll:  ============BEGIN DisplayClassInstaller============
dispci.dll:  ============BEGIN OnSelectBestCompatDrv============
dispci.dll:  ============END OnSelectBestCompatDrv==============
dispci.dll:  DisplayClassInstaller: Returning 0xe000020e for DIF 0x17 and device PCI\VEN_1002&DEV_9904&SUBSYS_1850103C&REV_00\3&267A616A&0&08
dispci.dll:  ============END DisplayClassInstaller==============
dispci.dll:  ============BEGIN DisplayClassInstaller============
dispci.dll:  ============BEGIN OnDestroyPrivateData============
dispci.dll:  ============END OnDestroyPrivateData==============
dispci.dll:  DisplayClassInstaller: Returning 0xe000020e for DIF 0xc and device PCI\VEN_1002&DEV_9904&SUBSYS_1850103C&REV_00\3&267A616A&0&08
dispci.dll:  ============END DisplayClassInstaller==============
dispci.dll:  ============BEGIN DisplayClassInstaller============
dispci.dll:  ============BEGIN OnAllowInstall============
dispci.dll:  DispCIIsDriverInstallAllowed: Driver package contains a feature score 0xfe
dispci.dll:  ============END OnAllowInstall==============
dispci.dll:  DisplayClassInstaller: Returning 0xe000020e for DIF 0x18 and device PCI\VEN_1002&DEV_9904&SUBSYS_1850103C&REV_00\3&267A616A&0&08
dispci.dll:  ============END DisplayClassInstaller==============
dispci.dll:  ============BEGIN DisplayClassInstaller============
dispci.dll:  ============BEGIN OnInstallDeviceFiles============
dispci.dll:  ============END OnInstallDeviceFiles==============
dispci.dll:  DisplayClassInstaller: Returning 0xe000020e for DIF 0x15 and device PCI\VEN_1002&DEV_9904&SUBSYS_1850103C&REV_00\3&267A616A&0&08
dispci.dll:  ============END DisplayClassInstaller==============
dispci.dll:  ============BEGIN DisplayClassInstaller============
dispci.dll:  DisplayClassInstaller: Unrecognized DIF request 0x410031
dispci.dll:  ============END DisplayClassInstaller==============
dispci.dll:  ============BEGIN DisplayClassInstaller============
dispci.dll:  DisplayClassInstaller: Unrecognized DIF request 0x410031
dispci.dll:  ============END DisplayClassInstaller==============
dispci.dll:  ============BEGIN DisplayClassInstaller============
dispci.dll:  DispCIIsDriverInstallAllowed: Driver package contains a feature score 0xfe
dispci.dll:  ============BEGIN OnInstallDevice============
dispci.dll:  DispCIIsDeviceCompatibleWithHighResolutionBoot: Found high resolution boot incomaptible hardware DispCIIsDeviceCompatibleWithHighResolutionBoot
dispci.dll:  DispCISetServiceStartType: No change to the service start required
dispci.dll:  ============END OnInstallDevice==============
dispci.dll:  DisplayClassInstaller: Returning 0x00000000 for DIF 0x2 and device PCI\VEN_1002&DEV_9904&SUBSYS_1850103C&REV_00\3&267A616A&0&08
dispci.dll:  ============END DisplayClassInstaller==============
dispci.dll:  ============BEGIN DisplayClassInstaller============
dispci.dll:  DisplayClassInstaller: Unrecognized DIF request 0x410031
dispci.dll:  ============END DisplayClassInstaller==============
dispci.dll:  ============BEGIN DisplayClassInstaller============
dispci.dll:  ============BEGIN OnDestroyPrivateData============
dispci.dll:  ============END OnDestroyPrivateData==============
dispci.dll:  DisplayClassInstaller: Returning 0xe000020e for DIF 0xc and device PCI\VEN_1002&DEV_9904&SUBSYS_1850103C&REV_00\3&267A616A&0&08
dispci.dll:  ============END DisplayClassInstaller==============
[04/14/2022 07:24.18.494] WudfCoInstaller: ReadWdfSection: Checking WdfSection [Basic_Install.Wdf]

[04/14/2022 07:24.18.541] WudfCoInstaller: Configuring UMDF Service WpdFs.

[04/14/2022 07:24.18.557] WudfCoInstaller: ImpersonationLevel set to 2

[04/14/2022 07:24.18.572] WudfCoInstaller: Using "Win7" service configuration

[04/14/2022 07:24.19.087] WudfCoInstaller: Service WudfSvc started successfully.

[04/14/2022 07:24.19.103] WudfCoInstaller: Final status: error(0) The operation completed successfully.


[04/14/2022 07:24.20.210] WudfCoInstaller: Created marker file C:\Windows\system32\drivers\Msft_User_WpdFs_01_09_00.Wdf.

AudMig: Applying saved Audio settings
AudMig: No migration information found, skipping migration 0x2
AudMig: No audio endpoint migration settings found 0x2
AudMig: No audio endpoint migration settings found 0x2
AudMig: No audio endpoint migration settings found 0x2
AudMig: No audio endpoint migration settings found 0x2
AudMig: Applying saved Audio settings
AudMig: No migration information found, skipping migration 0x2
AudMig: Applying saved Audio settings
AudMig: No migration information found, skipping migration 0x2
AudMig: Applying saved Audio settings
AudMig: No migration information found, skipping migration 0x2
AudMig: Applying saved Audio settings
AudMig: No migration information found, skipping migration 0x2
AudMig: Applying saved Audio settings
AudMig: No migration information found, skipping migration 0x2
AudMig: Applying saved Audio settings
AudMig: No migration information found, skipping migration 0x2
AudMig: Applying saved Audio settings
AudMig: No audio endpoint migration settings found 0x2
AudMig: No migration information found, skipping migration 0x2
AudMig: No audio endpoint migration settings found 0x2
AudMig: No audio endpoint migration settings found 0x2
AudMig: No audio endpoint migration settings found 0x2
AudMig: No audio endpoint migration settings found 0x2
montr_ci.dll:  DIF_SELECTBESTCOMPATDRV
montr_ci.dll:  Returning 0xe000020e for function 0x17 and device DISPLAY\VSC991E\4&126A67F&0&12345678&00&01.
montr_ci.dll:  DIF_DESTROYPRIVATEDATA
montr_ci.dll:  Returning 0xe000020e for function 0xc and device DISPLAY\VSC991E\4&126A67F&0&12345678&00&01.
montr_ci.dll:  DIF_ALLOW_INSTALL
montr_ci.dll:  Returning 0xe000020e for function 0x18 and device DISPLAY\VSC991E\4&126A67F&0&12345678&00&01.
montr_ci.dll:  DIF_INSTALLDEVICEFILES
montr_ci.dll:  Retrieving driver details....
montr_ci.dll:  Returning 0xe000020e for function 0x15 and device DISPLAY\VSC991E\4&126A67F&0&12345678&00&01.
montr_ci.dll:  DIF_REGISTER_COINSTALLERS
montr_ci.dll:  Returning 0xe000020e for function 0x22 and device DISPLAY\VSC991E\4&126A67F&0&12345678&00&01.
montr_ci.dll:  DIF_INSTALLINTERFACES
montr_ci.dll:  Returning 0xe000020e for function 0x20 and device DISPLAY\VSC991E\4&126A67F&0&12345678&00&01.
montr_ci.dll:  DIF_INSTALLDEVICE
montr_ci.dll:  ============BEGIN OnInstallMonitorDevice============
montr_ci.dll:  Retrieving driver details....
montr_ci.dll:  ============END OnInstallMonitorDevice============
montr_ci.dll:  Returning 0xe000020e for function 0x2 and device DISPLAY\VSC991E\4&126A67F&0&12345678&00&01.
montr_ci.dll:  DIF_NEWDEVICEWIZARD_FINISHINSTALL
montr_ci.dll:  Returning 0xe000020e for function 0x1e and device DISPLAY\VSC991E\4&126A67F&0&12345678&00&01.
montr_ci.dll:  DIF_DESTROYPRIVATEDATA
montr_ci.dll:  Returning 0xe000020e for function 0xc and device DISPLAY\VSC991E\4&126A67F&0&12345678&00&01.
dispci.dll:  ============BEGIN DisplayClassInstaller============
dispci.dll:  DisplayClassInstaller: Unrecognized DIF request 0x3a55e0
dispci.dll:  ============END DisplayClassInstaller==============
montr_ci.dll:  MonitorClassInstaller: Unrecognized DIF request
montr_ci.dll:  Returning 0xe000020e for function 0x6.
dispci.dll:  ============BEGIN DisplayClassInstaller============
dispci.dll:  DisplayClassInstaller: Returning 0xe000020e for DIF 0xc
dispci.dll:  ============END DisplayClassInstaller==============
montr_ci.dll:  DIF_DESTROYPRIVATEDATA
montr_ci.dll:  Returning 0xe000020e for function 0xc.
2022-04-14 07:25:21, Info                  CBS    Trusted Installer signaled for shutdown, going to exit.
2022-04-14 07:25:21, Info                  CBS    Ending the TrustedInstaller main loop.
2022-04-14 07:25:21, Info                  CBS    Starting TrustedInstaller finalization.
2022-04-14 07:25:21, Info                  CBS    Failed to unload the COMPONENTS hive. [HRESULT = 0x80070057 - E_INVALIDARG]
2022-04-14 07:25:21, Info                  CBS    Ending TrustedInstaller finalization.
AudMig: No audio endpoint migration settings found 0x2
AudMig: No audio endpoint migration settings found 0x2
